<component name="libraryTable">
  <library name="junit-quickcheck-generators">
    <CLASSES>
      <root url="jar://$PROJECT_DIR$/asl/lib/junit-quickcheck-generators.jar!/" />
    </CLASSES>
    <JAVADOC />
    <SOURCES />
  </library>
</component>